\BOOKMARK [0][]{chapter*.2}{\376\377\000P\000r\000e\000f\000a\000c\000e}{}% 1
\BOOKMARK [0][]{chapter*.3}{\376\377\000P\000r\000e\000l\000i\000m\000i\000n\000a\000r\000i\000e\000s}{}% 2
\BOOKMARK [1][]{section.0.1}{\376\377\0000\000.\0001\000\040\000B\000a\000s\000i\000c\000s}{chapter*.3}% 3
\BOOKMARK [1][]{section*.4}{\376\377\116\140\230\230}{chapter*.3}% 4
\BOOKMARK [1][]{section.0.2}{\376\377\0000\000.\0002\000\040\000P\000r\000o\000p\000e\000r\000t\000i\000e\000s\000\040\000o\000f\000\040\000t\000h\000e\000\040\000i\000n\000t\000e\000g\000e\000r\000s}{chapter*.3}% 5
\BOOKMARK [1][]{section*.5}{\376\377\116\140\230\230}{chapter*.3}% 6
\BOOKMARK [1][]{section.0.3}{\376\377\0000\000.\0003\000\040\000Z\000/\000n\000Z\000:\000\040\000T\000h\000e\000\040\000i\000n\000t\000e\000g\000e\000r\000s\000\040\000M\000o\000d\000u\000l\000o\000\040\000n}{chapter*.3}% 7
\BOOKMARK [1][]{section*.6}{\376\377\116\140\230\230}{chapter*.3}% 8
\BOOKMARK [-1][]{part.1}{\376\377\173\054\116\000\220\350\122\006\000\040\000G\000r\000o\000u\000p\000\040\000T\000h\000e\000o\000r\000y}{}% 9
\BOOKMARK [0][]{chapter.1}{\376\377\0001\000\040\000I\000n\000t\000r\000o\000d\000u\000c\000t\000i\000o\000n\000\040\000t\000o\000\040\000G\000r\000o\000u\000p\000s}{part.1}% 10
\BOOKMARK [1][]{section.1.1}{\376\377\0001\000.\0001\000\040\000B\000a\000s\000i\000c\000\040\000A\000x\000i\000o\000m\000s\000\040\000a\000n\000d\000\040\000E\000x\000a\000m\000p\000l\000e\000s}{chapter.1}% 11
\BOOKMARK [1][]{section.1.2}{\376\377\0001\000.\0002\000\040\000D\000i\000h\000e\000d\000r\000a\000l\000\040\000G\000r\000o\000u\000p\000s}{chapter.1}% 12
\BOOKMARK [1][]{section.1.3}{\376\377\0001\000.\0003\000\040\000S\000y\000m\000m\000e\000t\000r\000i\000c\000\040\000G\000r\000o\000u\000p\000s}{chapter.1}% 13
\BOOKMARK [1][]{section.1.4}{\376\377\0001\000.\0004\000\040\000M\000a\000t\000r\000i\000x\000\040\000G\000r\000o\000u\000p\000s}{chapter.1}% 14
\BOOKMARK [1][]{section.1.5}{\376\377\0001\000.\0005\000\040\000T\000h\000e\000\040\000Q\000u\000a\000t\000e\000r\000n\000i\000o\000n\000\040\000G\000r\000o\000u\000p\000s}{chapter.1}% 15
\BOOKMARK [1][]{section.1.6}{\376\377\0001\000.\0006\000\040\000H\000o\000m\000o\000m\000o\000r\000p\000h\000i\000s\000m\000s\000\040\000a\000n\000d\000\040\000I\000s\000o\000m\000o\000r\000p\000h\000i\000s\000m\000s}{chapter.1}% 16
\BOOKMARK [1][]{section.1.7}{\376\377\0001\000.\0007\000\040\000G\000r\000o\000u\000p\000\040\000A\000c\000t\000i\000o\000n\000s}{chapter.1}% 17
\BOOKMARK [0][]{chapter.2}{\376\377\0002\000\040\000S\000u\000b\000g\000r\000o\000u\000p\000s}{part.1}% 18
\BOOKMARK [1][]{section.2.1}{\376\377\0002\000.\0001\000\040\000D\000e\000f\000i\000n\000i\000t\000i\000o\000n\000\040\000a\000n\000d\000\040\000E\000x\000a\000m\000p\000l\000e\000s}{chapter.2}% 19
\BOOKMARK [0][]{chapter.3}{\376\377\0003\000\040\000E\000u\000c\000l\000i\000d\000e\000a\000n\000\040\000D\000o\000m\000a\000i\000n\000s\000,\000\040\000P\000r\000i\000n\000c\000i\000p\000a\000l\000\040\000I\000d\000e\000a\000l\000\040\000D\000o\000m\000a\000i\000n\000s\000\040\000a\000n\000d\000\040\000U\000n\000i\000q\000u\000e\000\040\000F\000a\000c\000t\000o\000r\000i\000z\000a\000t\000i\000o\000n\000\040\000D\000o\000m\000a\000i\000n\000s}{part.1}% 20
