\BOOKMARK [-1][]{part.1}{\376\377\173\054\116\000\220\350\122\006\000\040\000L\000i\000n\000e\000a\000r\000\040\000A\000n\000a\000l\000y\000s\000i\000s}{}% 1
\BOOKMARK [0][]{chapter.1}{\376\377\0001\000\040\000L\000i\000n\000e\000a\000r\000\040\000S\000p\000a\000c\000e\000s}{part.1}% 2
\BOOKMARK [1][]{section.1.1}{\376\377\0001\000.\0001\000\040\000I\000n\000t\000r\000o\000d\000u\000c\000t\000i\000o\000n}{chapter.1}% 3
\BOOKMARK [1][]{section.1.2}{\376\377\0001\000.\0002\000\040\000T\000h\000e\000\040\000d\000e\000f\000i\000n\000i\000t\000i\000o\000n\000\040\000o\000f\000\040\000a\000\040\000l\000i\000n\000e\000a\000r\000\040\000s\000p\000a\000c\000e}{chapter.1}% 4
\BOOKMARK [1][]{section.1.3}{\376\377\0001\000.\0003\000\040\000E\000x\000a\000m\000p\000l\000e\000s\000\040\000o\000f\000\040\000l\000i\000n\000e\000a\000r\000\040\000s\000p\000a\000c\000e\000s}{chapter.1}% 5
\BOOKMARK [1][]{section.1.4}{\376\377\0001\000.\0004\000\040\000E\000l\000e\000m\000e\000n\000t\000a\000r\000y\000\040\000c\000o\000n\000s\000e\000q\000u\000e\000n\000c\000e\000s\000\040\000o\000f\000\040\000t\000h\000e\000\040\000a\000x\000i\000o\000m\000s}{chapter.1}% 6
\BOOKMARK [1][]{section.1.5}{\376\377\0001\000.\0005\000\040\000E\000x\000e\000r\000c\000i\000s\000e\000s}{chapter.1}% 7
\BOOKMARK [1][]{section.1.6}{\376\377\0001\000.\0006\000\040\000S\000u\000b\000s\000p\000a\000c\000e\000s\000\040\000o\000f\000\040\000a\000\040\000l\000i\000n\000e\000a\000r\000\040\000s\000p\000a\000c\000e}{chapter.1}% 8
\BOOKMARK [1][]{section.1.7}{\376\377\0001\000.\0007\000\040\000D\000e\000p\000e\000n\000d\000e\000n\000t\000\040\000a\000n\000d\000\040\000i\000n\000d\000e\000p\000e\000n\000d\000e\000n\000t\000\040\000s\000e\000t\000s\000\040\000i\000n\000\040\000a\000\040\000l\000i\000n\000e\000a\000r\000\040\000s\000p\000a\000c\000e}{chapter.1}% 9
\BOOKMARK [1][]{section.1.8}{\376\377\0001\000.\0008\000\040\000B\000a\000s\000e\000s\000\040\000a\000n\000d\000\040\000d\000i\000m\000e\000n\000s\000i\000o\000n}{chapter.1}% 10
\BOOKMARK [1][]{section.1.9}{\376\377\0001\000.\0009\000\040\000C\000o\000m\000p\000o\000n\000e\000n\000t\000s}{chapter.1}% 11
\BOOKMARK [1][]{section.1.10}{\376\377\0001\000.\0001\0000\000\040\000E\000x\000e\000r\000c\000i\000s\000e\000s}{chapter.1}% 12
\BOOKMARK [1][]{section.1.11}{\376\377\0001\000.\0001\0001\000\040\000I\000n\000n\000e\000r\000\040\000p\000r\000o\000d\000u\000c\000t\000s\000,\000\040\000E\000u\000c\000l\000i\000d\000e\000a\000n\000\040\000s\000p\000a\000c\000e\000s\000,\000\040\000N\000o\000r\000m\000s}{chapter.1}% 13
\BOOKMARK [1][]{section.1.12}{\376\377\0001\000.\0001\0002\000\040\000O\000r\000t\000h\000o\000g\000o\000n\000a\000l\000i\000t\000y\000\040\000i\000n\000\040\000a\000\040\000E\000u\000c\000l\000i\000d\000e\000a\000n\000\040\000s\000p\000a\000c\000e}{chapter.1}% 14
\BOOKMARK [1][]{section.1.13}{\376\377\0001\000.\0001\0003\000\040\000E\000x\000e\000r\000c\000i\000s\000e\000s}{chapter.1}% 15
\BOOKMARK [1][]{section.1.14}{\376\377\0001\000.\0001\0004\000\040\000C\000o\000n\000s\000t\000r\000u\000c\000t\000i\000o\000n\000\040\000o\000f\000\040\000o\000r\000t\000h\000o\000g\000o\000n\000a\000l\000\040\000s\000e\000t\000s\000.\000\040\000T\000h\000e\000\040\000G\000r\000a\000m\000-\000S\000c\000h\000m\000i\000d\000t\000\040\000p\000r\000o\000c\000e\000s\000s}{chapter.1}% 16
\BOOKMARK [1][]{section.1.15}{\376\377\0001\000.\0001\0005\000\040\000O\000r\000t\000h\000o\000g\000o\000n\000a\000l\000\040\000c\000o\000m\000p\000l\000e\000m\000e\000n\000t\000s\000.\000\040\000P\000r\000o\000j\000e\000c\000t\000i\000o\000n\000s}{chapter.1}% 17
\BOOKMARK [1][]{section.1.16}{\376\377\0001\000.\0001\0006\000\040\000B\000e\000s\000t\000\040\000a\000p\000p\000r\000o\000x\000i\000m\000a\000t\000i\000o\000n\000\040\000o\000f\000\040\000e\000l\000e\000m\000e\000n\000t\000s\000\040\000i\000n\000\040\000a\000\040\000E\000u\000c\000l\000i\000d\000e\000a\000n\000\040\000s\000p\000a\000c\000e\000\040\000b\000y\000\040\000e\000l\000e\000m\000e\000n\000t\000s\000\040\000i\000n\000\040\000a\000\040\000f\000i\000n\000i\000t\000e\000-\000d\000i\000m\000e\000n\000s\000i\000o\000n\000a\000l\000\040\000s\000u\000b\000s\000p\000a\000c\000e}{chapter.1}% 18
\BOOKMARK [1][]{section.1.17}{\376\377\0001\000.\0001\0007\000\040\000E\000x\000e\000r\000c\000i\000s\000e\000s}{chapter.1}% 19
\BOOKMARK [0][]{chapter.2}{\376\377\0002\000\040\000L\000i\000n\000e\000a\000r\000\040\000T\000r\000a\000n\000s\000f\000o\000r\000m\000a\000t\000i\000o\000n\000s\000\040\000a\000n\000d\000\040\000M\000a\000t\000r\000i\000c\000e\000s}{part.1}% 20
\BOOKMARK [1][]{section.2.1}{\376\377\0002\000.\0001\000\040\000L\000i\000n\000e\000a\000r\000\040\000t\000r\000s\000f\000o\000r\000m\000a\000t\000i\000o\000n\000s}{chapter.2}% 21
\BOOKMARK [-1][]{part.2}{\376\377\173\054\116\214\220\350\122\006\000\040\000N\000o\000n\000l\000i\000n\000e\000a\000r\000\040\000A\000n\000a\000l\000y\000s\000i\000s}{}% 22
\BOOKMARK [0][]{chapter.3}{\376\377\0003\000\040\000D\000i\000f\000f\000e\000r\000n\000t\000i\000a\000l\000\040\000C\000a\000l\000c\000u\000l\000u\000s\000\040\000o\000f\000\040\000S\000c\000a\000l\000a\000r\000\040\000a\000n\000d\000\040\000V\000e\000c\000t\000o\000r\000\040\000F\000i\000e\000l\000d\000s}{part.2}% 23
\BOOKMARK [-1][]{part.3}{\376\377\173\054\116\011\220\350\122\006\000\040\000S\000p\000e\000c\000i\000a\000l\000\040\000T\000o\000p\000i\000c\000s}{}% 24
\BOOKMARK [0][]{chapter.4}{\376\377\0004\000\040\000S\000e\000t\000\040\000F\000u\000n\000c\000t\000i\000o\000n\000s\000\040\000A\000n\000d\000\040\000E\000l\000e\000m\000e\000n\000t\000a\000r\000y\000\040\000P\000r\000o\000b\000a\000b\000i\000l\000i\000t\000y}{part.3}% 25
