\BOOKMARK [0][]{chapter*.1}{\376\377\000P\000r\000e\000f\000a\000c\000e}{}% 1
\BOOKMARK [-1][]{part.1}{\376\377\000I\000\040\116\343\145\160}{}% 2
\BOOKMARK [0][]{chapter.1}{\376\377\0001\000\040\217\321\116\026\116\343\145\160\151\202\213\272}{part.1}% 3
\BOOKMARK [1][]{section.1.1}{\376\377\0001\000.\0001\000\040\145\164\145\160}{chapter.1}% 4
\BOOKMARK [2][]{subsection.1.1.1}{\376\377\0001\000.\0001\000.\0001\000\040\116\244\143\142\163\257\000,\000\040\145\164\163\257}{section.1.1}% 5
\BOOKMARK [2][]{subsection.1.1.2}{\376\377\0001\000.\0001\000.\0002\000\040\116\244\143\142\163\257\166\204\127\372\147\054\140\047\215\050}{section.1.1}% 6
\BOOKMARK [2][]{subsection.1.1.3}{\376\377\0001\000.\0001\000.\0003\000\040\147\011\136\217\145\164\163\257\166\204\140\047\215\050}{section.1.1}% 7
\BOOKMARK [2][]{subsection.1.1.4}{\376\377\0001\000.\0001\000.\0004\000\040\202\157\136\217\123\237\122\031}{section.1.1}% 8
\BOOKMARK [2][]{subsection.1.1.5}{\376\377\0001\000.\0001\000.\0005\000\040\145\160\133\146\137\122\176\263\154\325\377\014\143\007\145\160\133\232\137\213}{section.1.1}% 9
\BOOKMARK [2][]{subsection.1.1.6}{\376\377\0001\000.\0001\000.\0006\000\040\123\357\226\144\140\047}{section.1.1}% 10
\BOOKMARK [2][]{subsection.1.1.7}{\376\377\0001\000.\0001\000.\0007\000\040\153\047\121\340\221\314\137\227\173\227\154\325}{section.1.1}% 11
\BOOKMARK [2][]{subsection.1.1.8}{\376\377\0001\000.\0001\000.\0008\000\040\173\227\147\057\127\372\147\054\133\232\164\006}{section.1.1}% 12
\BOOKMARK [2][]{subsection.1.1.9}{\376\377\0001\000.\0001\000.\0009\000\040\124\014\117\131\137\017}{section.1.1}% 13
\BOOKMARK [2][]{subsection.1.1.10}{\376\377\0001\000.\0001\000.\0001\0000\000\040\163\257\000Z\000n}{section.1.1}% 14
\BOOKMARK [2][]{subsection.1.1.11}{\376\377\0001\000.\0001\000.\0001\0001\000\040\226\306\124\010\377\014\121\375\145\160\377\014\121\163\174\373}{section.1.1}% 15
\BOOKMARK [2][]{subsection.1.1.12}{\376\377\0001\000.\0001\000.\0001\0002\000\040\124\014\147\204\116\016\201\352\124\014\147\204}{section.1.1}% 16
\BOOKMARK [1][]{section.1.2}{\376\377\0001\000.\0002\000\040\147\011\164\006\145\160\124\214\127\337}{chapter.1}% 17
\BOOKMARK [2][]{subsection.1.2.1}{\376\377\0001\000.\0002\000.\0001\000\040\127\337\166\204\133\232\116\111}{section.1.2}% 18
\BOOKMARK [2][]{subsection.1.2.2}{\376\377\0001\000.\0002\000.\0002\000\040\147\011\164\006\145\160\127\337\166\204\147\204\220\040}{section.1.2}% 19
\BOOKMARK [2][]{subsection.1.2.3}{\376\377\0001\000.\0002\000.\0003\000\040\200\124\172\313\176\277\140\047\145\271\172\013}{section.1.2}% 20
\BOOKMARK [2][]{subsection.1.2.4}{\376\377\0001\000.\0002\000.\0004\000\040\147\011\136\217\127\337}{section.1.2}% 21
\BOOKMARK [2][]{subsection.1.2.5}{\376\377\0001\000.\0002\000.\0005\000\040\153\143\145\164\145\160\121\154\213\276}{section.1.2}% 22
\BOOKMARK [2][]{subsection.1.2.6}{\376\377\0001\000.\0002\000.\0006\000\040\166\256\116\232\213\372\121\154\213\276}{section.1.2}% 23
\BOOKMARK [1][]{section.1.3}{\376\377\0001\000.\0003\000\040\131\032\230\171\137\017}{chapter.1}% 24
\BOOKMARK [2][]{subsection.1.3.1}{\376\377\0001\000.\0003\000.\0001\000\040\131\032\230\171\137\017\137\142\137\017}{section.1.3}% 25
\BOOKMARK [2][]{subsection.1.3.2}{\376\377\0001\000.\0003\000.\0002\000\040\131\032\230\171\137\017\121\375\145\160}{section.1.3}% 26
\BOOKMARK [2][]{subsection.1.3.3}{\376\377\0001\000.\0003\000.\0003\000\040\116\244\143\142\163\257\166\204\124\014\140\001}{section.1.3}% 27
\BOOKMARK [2][]{subsection.1.3.4}{\376\377\0001\000.\0003\000.\0004\000\040\131\032\121\103\131\032\230\171\137\017}{section.1.3}% 28
\BOOKMARK [2][]{subsection.1.3.5}{\376\377\0001\000.\0003\000.\0005\000\040\217\227\217\154\166\370\226\144\154\325}{section.1.3}% 29
\BOOKMARK [2][]{subsection.1.3.6}{\376\377\0001\000.\0003\000.\0006\000\040\123\125\117\115\116\016\166\370\117\064}{section.1.3}% 30
\BOOKMARK [2][]{subsection.1.3.7}{\376\377\0001\000.\0003\000.\0007\000\040\116\015\123\357\176\246\131\032\230\171\137\017}{section.1.3}% 31
\BOOKMARK [2][]{subsection.1.3.8}{\376\377\0001\000.\0003\000.\0008\000\040\125\057\116\000\126\340\133\120\122\006\211\343\133\232\164\006}{section.1.3}% 32
\BOOKMARK [2][]{subsection.1.3.9}{\376\377\0001\000.\0003\000.\0009\000\040\121\166\116\326\125\057\116\000\126\340\133\120\122\006\211\343\145\164\163\257}{section.1.3}% 33
\BOOKMARK [2][]{subsection.1.3.10}{\376\377\0001\000.\0003\000.\0001\0000\000\040\162\061\150\356\145\257\127\146\116\015\123\357\176\246\122\044\122\053\154\325\122\031}{section.1.3}% 34
\BOOKMARK [2][]{subsection.1.3.11}{\376\377\0001\000.\0003\000.\0001\0001\000\040\220\350\122\006\122\006\137\017}{section.1.3}% 35
\BOOKMARK [1][]{section.1.4}{\376\377\0001\000.\0004\000\040\133\236\145\160}{chapter.1}% 36
\BOOKMARK [2][]{subsection.1.4.1}{\376\377\0001\000.\0004\000.\0001\000\040\153\325\217\276\124\345\142\311\145\257\116\214\226\276\143\250\213\272}{section.1.4}% 37
\BOOKMARK [2][]{subsection.1.4.2}{\376\377\0001\000.\0004\000.\0002\000\040\116\012\165\114\116\016\116\013\165\114}{section.1.4}% 38
\BOOKMARK [0][]{chapter.2}{\376\377\0002\000\040\127\372\170\100\116\343\145\160}{part.1}% 39
\BOOKMARK [0][]{chapter.3}{\376\377\0003\000\040\116\343\145\160}{part.1}% 40
\BOOKMARK [-1][]{part.2}{\376\377\000I\000I\000\040\122\006\147\220}{}% 41
\BOOKMARK [0][]{chapter.4}{\376\377\0004\000\040\145\160\133\146\122\006\147\220}{part.2}% 42
\BOOKMARK [0][]{chapter.5}{\376\377\0005\000\040\232\330\173\111\137\256\171\357\122\006\000:\137\256\122\006\137\142\137\017\133\374\137\025}{part.2}% 43
\BOOKMARK [0][]{chapter.6}{\376\377\0006\000\040\171\357\122\006\213\272}{part.2}% 44
