This is XeTeX, Version 3.14159265-2.6-0.99996 (TeX Live 2016/W32TeX) (preloaded format=xelatex 2016.7.14)  17 JAN 2018 21:48
entering extended mode
 restricted \write18 enabled.
 %&-line parsing enabled.
**./NaiveSetTheory.tex
(./NaiveSetTheory.tex
LaTeX2e <2016/03/31>
Babel <3.9r> and hyphenation patterns for 83 language(s) loaded.
(d:/texlive/2016/texmf-dist/tex/latex/base/book.cls
Document Class: book 2014/09/29 v1.4h Standard LaTeX document class
(d:/texlive/2016/texmf-dist/tex/latex/base/bk12.clo
File: bk12.clo 2014/09/29 v1.4h Standard LaTeX file (size option)
)
\c@part=\count79
\c@chapter=\count80
\c@section=\count81
\c@subsection=\count82
\c@subsubsection=\count83
\c@paragraph=\count84
\c@subparagraph=\count85
\c@figure=\count86
\c@table=\count87
\abovecaptionskip=\skip41
\belowcaptionskip=\skip42
\bibindent=\dimen102
)
(d:/texlive/2016/texmf-dist/tex/latex/amsfonts/amssymb.sty
Package: amssymb 2013/01/14 v3.01 AMS font symbols

(d:/texlive/2016/texmf-dist/tex/latex/amsfonts/amsfonts.sty
Package: amsfonts 2013/01/14 v3.01 Basic AMSFonts support
\@emptytoks=\toks14
\symAMSa=\mathgroup4
\symAMSb=\mathgroup5
LaTeX Font Info:    Overwriting math alphabet `\mathfrak' in version `bold'
(Font)                  U/euf/m/n --> U/euf/b/n on input line 106.
))
(d:/texlive/2016/texmf-dist/tex/latex/fontspec/fontspec.sty
(d:/texlive/2016/texmf-dist/tex/latex/l3kernel/expl3.sty
Package: expl3 2016/05/18 v6512 L3 programming layer (loader) 

(d:/texlive/2016/texmf-dist/tex/latex/l3kernel/expl3-code.tex
Package: expl3 2016/05/18 v6512 L3 programming layer (code)
L3 Module: l3bootstrap 2016/02/12 v6412 L3 Bootstrap code
L3 Module: l3names 2016/03/11 v6433 L3 Namespace for primitives
L3 Module: l3basics 2015/11/22 v6315 L3 Basic definitions
L3 Module: l3expan 2015/09/10 v5983 L3 Argument expansion
L3 Module: l3tl 2016/03/26 v6465 L3 Token lists
L3 Module: l3str 2016/03/24 v6441 L3 Strings
L3 Module: l3seq 2015/08/05 v5777 L3 Sequences and stacks
L3 Module: l3int 2016/03/24 v6441 L3 Integers
\c_max_int=\count88
\l_tmpa_int=\count89
\l_tmpb_int=\count90
\g_tmpa_int=\count91
\g_tmpb_int=\count92
L3 Module: l3quark 2015/08/17 v5855 L3 Quarks
L3 Module: l3prg 2015/11/01 v6216 L3 Control structures
\g__prg_map_int=\count93
L3 Module: l3clist 2015/09/02 v5901 L3 Comma separated lists
L3 Module: l3token 2016/04/03 v6470 L3 Experimental token manipulation
L3 Module: l3prop 2016/01/05 v6366 L3 Property lists
L3 Module: l3msg 2016/03/26 v6464 L3 Messages
L3 Module: l3file 2016/03/25 v6458 L3 File and I/O operations
\l_iow_line_count_int=\count94
\l__iow_target_count_int=\count95
\l__iow_current_line_int=\count96
\l__iow_current_word_int=\count97
\l__iow_current_indentation_int=\count98
L3 Module: l3skip 2016/01/05 v6366 L3 Dimensions and skips
\c_zero_dim=\dimen103
\c_max_dim=\dimen104
\l_tmpa_dim=\dimen105
\l_tmpb_dim=\dimen106
\g_tmpa_dim=\dimen107
\g_tmpb_dim=\dimen108
\c_zero_skip=\skip43
\c_max_skip=\skip44
\l_tmpa_skip=\skip45
\l_tmpb_skip=\skip46
\g_tmpa_skip=\skip47
\g_tmpb_skip=\skip48
\c_zero_muskip=\muskip10
\c_max_muskip=\muskip11
\l_tmpa_muskip=\muskip12
\l_tmpb_muskip=\muskip13
\g_tmpa_muskip=\muskip14
\g_tmpb_muskip=\muskip15
L3 Module: l3keys 2015/11/17 v6284 L3 Key-value interfaces
\g__keyval_level_int=\count99
\l_keys_choice_int=\count100
L3 Module: l3fp 2016/03/26 v6465 L3 Floating points
\c__fp_leading_shift_int=\count101
\c__fp_middle_shift_int=\count102
\c__fp_trailing_shift_int=\count103
\c__fp_big_leading_shift_int=\count104
\c__fp_big_middle_shift_int=\count105
\c__fp_big_trailing_shift_int=\count106
\c__fp_Bigg_leading_shift_int=\count107
\c__fp_Bigg_middle_shift_int=\count108
\c__fp_Bigg_trailing_shift_int=\count109
L3 Module: l3box 2015/08/09 v5822 L3 Experimental boxes
\c_empty_box=\box26
\l_tmpa_box=\box27
\l_tmpb_box=\box28
\g_tmpa_box=\box29
\g_tmpb_box=\box30
L3 Module: l3coffins 2016/05/17 v6508 L3 Coffin code layer
\l__coffin_internal_box=\box31
\l__coffin_internal_dim=\dimen109
\l__coffin_offset_x_dim=\dimen110
\l__coffin_offset_y_dim=\dimen111
\l__coffin_x_dim=\dimen112
\l__coffin_y_dim=\dimen113
\l__coffin_x_prime_dim=\dimen114
\l__coffin_y_prime_dim=\dimen115
\c_empty_coffin=\box32
\l__coffin_aligned_coffin=\box33
\l__coffin_aligned_internal_coffin=\box34
\l_tmpa_coffin=\box35
\l_tmpb_coffin=\box36
\l__coffin_display_coffin=\box37
\l__coffin_display_coord_coffin=\box38
\l__coffin_display_pole_coffin=\box39
\l__coffin_display_offset_dim=\dimen116
\l__coffin_display_x_dim=\dimen117
\l__coffin_display_y_dim=\dimen118
L3 Module: l3color 2014/08/23 v5354 L3 Experimental color support
L3 Module: l3sys 2015/09/25 v6087 L3 Experimental system/runtime functions
L3 Module: l3candidates 2016/05/13 v6484 L3 Experimental additions to l3kernel
\l__box_top_dim=\dimen119
\l__box_bottom_dim=\dimen120
\l__box_left_dim=\dimen121
\l__box_right_dim=\dimen122
\l__box_top_new_dim=\dimen123
\l__box_bottom_new_dim=\dimen124
\l__box_left_new_dim=\dimen125
\l__box_right_new_dim=\dimen126
\l__box_internal_box=\box40
\l__coffin_bounding_shift_dim=\dimen127
\l__coffin_left_corner_dim=\dimen128
\l__coffin_right_corner_dim=\dimen129
\l__coffin_bottom_corner_dim=\dimen130
\l__coffin_top_corner_dim=\dimen131
\l__coffin_scaled_total_height_dim=\dimen132
\l__coffin_scaled_width_dim=\dimen133
L3 Module: l3luatex 2016/03/26 v6465 L3 Experimental LuaTeX-specific functions
)
(d:/texlive/2016/texmf-dist/tex/latex/l3kernel/l3xdvipdfmx.def
File: l3xdvidpfmx.def 2016/03/26 v6465 L3 Experimental driver: xdvipdfmx
\l__driver_tmp_box=\box41
))
(d:/texlive/2016/texmf-dist/tex/latex/l3packages/xparse/xparse.sty
Package: xparse 2016/05/18 v6512 L3 Experimental document command parser
\l__xparse_current_arg_int=\count110
\l__xparse_m_args_int=\count111
\l__xparse_mandatory_args_int=\count112
\l__xparse_processor_int=\count113
\l__xparse_v_nesting_int=\count114
)
Package: fontspec 2016/02/01 v2.5a Font selection for XeLaTeX and LuaLaTeX

(d:/texlive/2016/texmf-dist/tex/latex/fontspec/fontspec-xetex.sty
Package: fontspec-xetex 2016/02/01 v2.5a Font selection for XeLaTeX and LuaLaTe
X
\l_fontspec_script_int=\count115
\l_fontspec_language_int=\count116
\l_fontspec_strnum_int=\count117
\l__fontspec_tmpa_dim=\dimen134
\l__fontspec_tmpb_dim=\dimen135
\l__fontspec_tmpc_dim=\dimen136
\g__file_internal_ior=\read1

(d:/texlive/2016/texmf-dist/tex/latex/base/fontenc.sty
Package: fontenc 2005/09/27 v1.99g Standard LaTeX package

(d:/texlive/2016/texmf-dist/tex/latex/euenc/eu1enc.def
File: eu1enc.def 2010/05/27 v0.1h Experimental Unicode font encodings
)
LaTeX Font Info:    Try loading font information for EU1+lmr on input line 105.


(d:/texlive/2016/texmf-dist/tex/latex/euenc/eu1lmr.fd
File: eu1lmr.fd 2009/10/30 v1.6 Font defs for Latin Modern
))
(d:/texlive/2016/texmf-dist/tex/xelatex/xunicode/xunicode.sty
File: xunicode.sty 2011/09/09 v0.981 provides access to latin accents and many 
other characters in Unicode lower plane

(d:/texlive/2016/texmf-dist/tex/latex/tipa/t3enc.def
File: t3enc.def 2001/12/31 T3 encoding
LaTeX Font Info:    Try loading font information for EU1+lmss on input line 357
.

(d:/texlive/2016/texmf-dist/tex/latex/euenc/eu1lmss.fd
File: eu1lmss.fd 2009/10/30 v1.6 Font defs for Latin Modern
))
\tipaTiiicode=\count118
\tipasavetokens=\toks15
\tipachecktokens=\toks16

(d:/texlive/2016/texmf-dist/tex/latex/graphics/graphicx.sty
Package: graphicx 2014/10/28 v1.0g Enhanced LaTeX Graphics (DPC,SPQR)

(d:/texlive/2016/texmf-dist/tex/latex/graphics/keyval.sty
Package: keyval 2014/10/28 v1.15 key=value parser (DPC)
\KV@toks@=\toks17
)
(d:/texlive/2016/texmf-dist/tex/latex/graphics/graphics.sty
Package: graphics 2016/05/09 v1.0r Standard LaTeX Graphics (DPC,SPQR)

(d:/texlive/2016/texmf-dist/tex/latex/graphics/trig.sty
Package: trig 2016/01/03 v1.10 sin cos tan (DPC)
)
(d:/texlive/2016/texmf-dist/tex/latex/graphics-cfg/graphics.cfg
File: graphics.cfg 2016/01/02 v1.10 sample graphics configuration
)
Package graphics Info: Driver file: xetex.def on input line 96.

(d:/texlive/2016/texmf-dist/tex/xelatex/xetex-def/xetex.def
File: xetex.def 2016/04/06 v4.08 LaTeX color/graphics driver for XeTeX (TeX Liv
e/RRM/JK)

(d:/texlive/2016/texmf-dist/tex/generic/oberdiek/infwarerr.sty
Package: infwarerr 2016/05/16 v1.4 Providing info/warning/error messages (HO)
)
(d:/texlive/2016/texmf-dist/tex/generic/oberdiek/ltxcmds.sty
Package: ltxcmds 2016/05/16 v1.23 LaTeX kernel commands for general use (HO)
)))
\Gin@req@height=\dimen137
\Gin@req@width=\dimen138
))
.................................................
. LaTeX info: "xparse/define-command"
. 
. Defining command \__fontspec_post_arg:w with sig. 'mmO{}' on line 353.
.................................................
.................................................
. LaTeX info: "xparse/define-command"
. 
. Defining command \fontspec with sig. 'om' on line 355.
.................................................
.................................................
. LaTeX info: "xparse/define-command"
. 
. Defining command \setmainfont with sig. 'om' on line 365.
.................................................
.................................................
. LaTeX info: "xparse/define-command"
. 
. Defining command \setsansfont with sig. 'om' on line 375.
.................................................
.................................................
. LaTeX info: "xparse/define-command"
. 
. Defining command \setmonofont with sig. 'om' on line 385.
.................................................
.................................................
. LaTeX info: "xparse/define-command"
. 
. Defining command \setmathrm with sig. 'om' on line 399.
.................................................
.................................................
. LaTeX info: "xparse/define-command"
. 
. Defining command \setboldmathrm with sig. 'om' on line 407.
.................................................
.................................................
. LaTeX info: "xparse/define-command"
. 
. Defining command \setmathsf with sig. 'om' on line 415.
.................................................
.................................................
. LaTeX info: "xparse/define-command"
. 
. Defining command \setmathtt with sig. 'om' on line 423.
.................................................
.................................................
. LaTeX info: "xparse/define-command"
. 
. Defining command \newfontfamily with sig. 'mom' on line 437.
.................................................
.................................................
. LaTeX info: "xparse/define-command"
. 
. Defining command \newfontface with sig. 'mom' on line 453.
.................................................
.................................................
. LaTeX info: "xparse/define-command"
. 
. Defining command \defaultfontfeatures with sig. 't+om' on line 467.
.................................................
.................................................
. LaTeX info: "xparse/define-command"
. 
. Defining command \addfontfeatures with sig. 'm' on line 529.
.................................................
.................................................
. LaTeX info: "xparse/define-command"
. 
. Defining command \newfontfeature with sig. 'mm' on line 540.
.................................................
.................................................
. LaTeX info: "xparse/define-command"
. 
. Defining command \newAATfeature with sig. 'mmmm' on line 548.
.................................................
.................................................
. LaTeX info: "xparse/define-command"
. 
. Defining command \newopentypefeature with sig. 'mmm' on line 556.
.................................................
.................................................
. LaTeX info: "xparse/define-command"
. 
. Defining command \aliasfontfeature with sig. 'mm' on line 577.
.................................................
.................................................
. LaTeX info: "xparse/define-command"
. 
. Defining command \aliasfontfeatureoption with sig. 'mmm' on line 586.
.................................................
.................................................
. LaTeX info: "xparse/define-command"
. 
. Defining command \newfontscript with sig. 'mm' on line 590.
.................................................
.................................................
. LaTeX info: "xparse/define-command"
. 
. Defining command \newfontlanguage with sig. 'mm' on line 594.
.................................................
.................................................
. LaTeX info: "xparse/define-command"
. 
. Defining command \DeclareFontsExtensions with sig. 'm' on line 599.
.................................................
\l__fontspec_tmp_int=\count119

(d:/texlive/2016/texmf-dist/tex/latex/fontspec/fontspec.cfg)
LaTeX Info: Redefining \itshape on input line 2705.
LaTeX Info: Redefining \slshape on input line 2710.
LaTeX Info: Redefining \scshape on input line 2715.
LaTeX Info: Redefining \upshape on input line 2720.
\l__fontspec_em_int=\count120
\l__fontspec_emdef_int=\count121
LaTeX Info: Redefining \em on input line 2736.
LaTeX Info: Redefining \emph on input line 2742.
LaTeX Info: Redefining \- on input line 2746.
.................................................
. LaTeX info: "xparse/redefine-command"
. 
. Redefining command \oldstylenums with sig. 'm' on line 2841.
.................................................
.................................................
. LaTeX info: "xparse/define-command"
. 
. Defining command \liningnums with sig. 'm' on line 2845.
.................................................
))
(d:/texlive/2016/texmf-dist/tex/latex/amsmath/amsmath.sty
Package: amsmath 2016/03/10 v2.15b AMS math features
\@mathmargin=\skip49

For additional information on amsmath, use the `?' option.
(d:/texlive/2016/texmf-dist/tex/latex/amsmath/amstext.sty
Package: amstext 2000/06/29 v2.01 AMS text

(d:/texlive/2016/texmf-dist/tex/latex/amsmath/amsgen.sty
File: amsgen.sty 1999/11/30 v2.0 generic functions
\@emptytoks=\toks18
\ex@=\dimen139
))
(d:/texlive/2016/texmf-dist/tex/latex/amsmath/amsbsy.sty
Package: amsbsy 1999/11/29 v1.2d Bold Symbols
\pmbraise@=\dimen140
)
(d:/texlive/2016/texmf-dist/tex/latex/amsmath/amsopn.sty
Package: amsopn 2016/03/08 v2.02 operator names
)
\inf@bad=\count122
LaTeX Info: Redefining \frac on input line 199.
\uproot@=\count123
\leftroot@=\count124
LaTeX Info: Redefining \overline on input line 297.
\classnum@=\count125
\DOTSCASE@=\count126
LaTeX Info: Redefining \ldots on input line 394.
LaTeX Info: Redefining \dots on input line 397.
LaTeX Info: Redefining \cdots on input line 518.
\Mathstrutbox@=\box42
\strutbox@=\box43
\big@size=\dimen141
LaTeX Font Info:    Redeclaring font encoding OML on input line 634.
LaTeX Font Info:    Redeclaring font encoding OMS on input line 635.
\macc@depth=\count127
\c@MaxMatrixCols=\count128
\dotsspace@=\muskip16
\c@parentequation=\count129
\dspbrk@lvl=\count130
\tag@help=\toks19
\row@=\count131
\column@=\count132
\maxfields@=\count133
\andhelp@=\toks20
\eqnshift@=\dimen142
\alignsep@=\dimen143
\tagshift@=\dimen144
\tagwidth@=\dimen145
\totwidth@=\dimen146
\lineht@=\dimen147
\@envbody=\toks21
\multlinegap=\skip50
\multlinetaggap=\skip51
\mathdisplay@stack=\toks22
LaTeX Info: Redefining \[ on input line 2739.
LaTeX Info: Redefining \] on input line 2740.
)
(d:/texlive/2016/texmf-dist/tex/latex/amsfonts/eucal.sty
Package: eucal 2009/06/22 v3.00 Euler Script fonts
LaTeX Font Info:    Overwriting math alphabet `\EuScript' in version `bold'
(Font)                  U/eus/m/n --> U/eus/b/n on input line 33.
)
\g__fontspec_family_SimSun_int=\count134
.................................................
. fontspec info: "no-font-shape"
. 
. Could not resolve font SimSun/BI (it probably doesn't exist).
.................................................
.................................................
. fontspec info: "no-font-shape"
. 
. Could not resolve font SimSun/B (it probably doesn't exist).
.................................................
.................................................
. fontspec info: "no-font-shape"
. 
. Could not resolve font SimSun/I (it probably doesn't exist).
.................................................
.................................................
. fontspec info: "defining-font"
. 
. Font family 'SimSun(0)' created for font 'SimSun' with options
. [Ligatures=TeX].
. 
. This font family consists of the following NFSS series/shapes:
. - 'normal' (m/n) with NFSS spec.:
. <->"SimSun/OT:script=latn;language=DFLT;mapping=tex-text;"
. - 'small caps'  (m/sc) with NFSS spec.: 
.................................................
\c@example=\count135
\c@theorem=\count136
\c@definition=\count137
\c@axiom=\count138
\c@property=\count139
\c@proposition=\count140
\c@lemma=\count141
\c@corollary=\count142
\c@remark=\count143
\c@condition=\count144
\c@conclusion=\count145
\c@assumption=\count146
\c@exercise=\count147
\c@answer=\count148
 (./NaiveSetTheory.aux)
\openout1 = `NaiveSetTheory.aux'.

LaTeX Font Info:    Checking defaults for OML/cmm/m/it on input line 57.
LaTeX Font Info:    ... okay on input line 57.
LaTeX Font Info:    Checking defaults for T1/cmr/m/n on input line 57.
LaTeX Font Info:    ... okay on input line 57.
LaTeX Font Info:    Checking defaults for OT1/cmr/m/n on input line 57.
LaTeX Font Info:    ... okay on input line 57.
LaTeX Font Info:    Checking defaults for OMS/cmsy/m/n on input line 57.
LaTeX Font Info:    ... okay on input line 57.
LaTeX Font Info:    Checking defaults for OMX/cmex/m/n on input line 57.
LaTeX Font Info:    ... okay on input line 57.
LaTeX Font Info:    Checking defaults for U/cmr/m/n on input line 57.
LaTeX Font Info:    ... okay on input line 57.
LaTeX Font Info:    Checking defaults for EU1/lmr/m/n on input line 57.
LaTeX Font Info:    ... okay on input line 57.
LaTeX Font Info:    Checking defaults for T3/cmr/m/n on input line 57.
LaTeX Font Info:    Try loading font information for T3+cmr on input line 57.
 (d:/texlive/2016/texmf-dist/tex/latex/tipa/t3cmr.fd
File: t3cmr.fd 2001/12/31 TIPA font definitions
)
LaTeX Font Info:    ... okay on input line 57.
.................................................
. fontspec info: "setup-math"
. 
. Adjusting the maths setup (use [no-math] to avoid this).
.................................................
\symlegacymaths=\mathgroup6
LaTeX Font Info:    Overwriting symbol font `legacymaths' in version `bold'
(Font)                  OT1/cmr/m/n --> OT1/cmr/bx/n on input line 57.
LaTeX Font Info:    Redeclaring math accent \acute on input line 57.
LaTeX Font Info:    Redeclaring math accent \grave on input line 57.
LaTeX Font Info:    Redeclaring math accent \ddot on input line 57.
LaTeX Font Info:    Redeclaring math accent \tilde on input line 57.
LaTeX Font Info:    Redeclaring math accent \bar on input line 57.
LaTeX Font Info:    Redeclaring math accent \breve on input line 57.
LaTeX Font Info:    Redeclaring math accent \check on input line 57.
LaTeX Font Info:    Redeclaring math accent \hat on input line 57.
LaTeX Font Info:    Redeclaring math accent \dot on input line 57.
LaTeX Font Info:    Redeclaring math accent \mathring on input line 57.
LaTeX Font Info:    Redeclaring math symbol \Gamma on input line 57.
LaTeX Font Info:    Redeclaring math symbol \Delta on input line 57.
LaTeX Font Info:    Redeclaring math symbol \Theta on input line 57.
LaTeX Font Info:    Redeclaring math symbol \Lambda on input line 57.
LaTeX Font Info:    Redeclaring math symbol \Xi on input line 57.
LaTeX Font Info:    Redeclaring math symbol \Pi on input line 57.
LaTeX Font Info:    Redeclaring math symbol \Sigma on input line 57.
LaTeX Font Info:    Redeclaring math symbol \Upsilon on input line 57.
LaTeX Font Info:    Redeclaring math symbol \Phi on input line 57.
LaTeX Font Info:    Redeclaring math symbol \Psi on input line 57.
LaTeX Font Info:    Redeclaring math symbol \Omega on input line 57.
LaTeX Font Info:    Redeclaring math symbol \mathdollar on input line 57.
LaTeX Font Info:    Redeclaring symbol font `operators' on input line 57.
LaTeX Font Info:    Encoding `OT1' has changed to `EU1' for symbol font
(Font)              `operators' in the math version `normal' on input line 57.
LaTeX Font Info:    Overwriting symbol font `operators' in version `normal'
(Font)                  OT1/cmr/m/n --> EU1/SimSun(0)/m/n on input line 57.
LaTeX Font Info:    Encoding `OT1' has changed to `EU1' for symbol font
(Font)              `operators' in the math version `bold' on input line 57.
LaTeX Font Info:    Overwriting symbol font `operators' in version `bold'
(Font)                  OT1/cmr/bx/n --> EU1/SimSun(0)/m/n on input line 57.
LaTeX Font Info:    Overwriting symbol font `operators' in version `normal'
(Font)                  EU1/SimSun(0)/m/n --> EU1/SimSun(0)/m/n on input line 5
7.
LaTeX Font Info:    Overwriting math alphabet `\mathit' in version `normal'
(Font)                  OT1/cmr/m/it --> EU1/SimSun(0)/m/it on input line 57.
LaTeX Font Info:    Overwriting math alphabet `\mathbf' in version `normal'
(Font)                  OT1/cmr/bx/n --> EU1/SimSun(0)/bx/n on input line 57.
LaTeX Font Info:    Overwriting math alphabet `\mathsf' in version `normal'
(Font)                  OT1/cmss/m/n --> EU1/lmss/m/n on input line 57.
LaTeX Font Info:    Overwriting math alphabet `\mathtt' in version `normal'
(Font)                  OT1/cmtt/m/n --> EU1/lmtt/m/n on input line 57.
LaTeX Font Info:    Overwriting symbol font `operators' in version `bold'
(Font)                  EU1/SimSun(0)/m/n --> EU1/SimSun(0)/bx/n on input line 
57.
LaTeX Font Info:    Overwriting math alphabet `\mathit' in version `bold'
(Font)                  OT1/cmr/bx/it --> EU1/SimSun(0)/bx/it on input line 57.

LaTeX Font Info:    Overwriting math alphabet `\mathsf' in version `bold'
(Font)                  OT1/cmss/bx/n --> EU1/lmss/bx/n on input line 57.
LaTeX Font Info:    Overwriting math alphabet `\mathtt' in version `bold'
(Font)                  OT1/cmtt/m/n --> EU1/lmtt/bx/n on input line 57.
LaTeX Font Info:    Try loading font information for U+msa on input line 62.

(d:/texlive/2016/texmf-dist/tex/latex/amsfonts/umsa.fd
File: umsa.fd 2013/01/14 v3.01 AMS symbols A
)
LaTeX Font Info:    Try loading font information for U+msb on input line 62.

(d:/texlive/2016/texmf-dist/tex/latex/amsfonts/umsb.fd
File: umsb.fd 2013/01/14 v3.01 AMS symbols B
) [1





]

LaTeX Font Warning: Font shape `EU1/SimSun(0)/bx/n' undefined
(Font)              using `EU1/SimSun(0)/m/n' instead on input line 65.

[0

] (./NaiveSetTheory.toc)
\tf@toc=\write3
\openout3 = `NaiveSetTheory.toc'.

 [1

]

LaTeX Font Warning: Font shape `EU1/SimSun(0)/m/sl' undefined
(Font)              using `EU1/SimSun(0)/m/n' instead on input line 70.

[2

]

LaTeX Font Warning: Font shape `EU1/SimSun(0)/m/it' undefined
(Font)              using `EU1/SimSun(0)/m/n' instead on input line 74.


Overfull \hbox (5.62482pt too wide) in paragraph at lines 92--93
[]\EU1/SimSun(0)/bx/n/12 要 想 得 到 更 多 的 集 合, 我 们 需 要 其 他 的 公 理, 还 需 要 一 些 基 本 的 
逻 辑:”属
 []


Overfull \hbox (36.0pt too wide) in paragraph at lines 92--93
\EU1/SimSun(0)/bx/n/12 于”和”等 于”是 两 个 基 本 的 语 句, 其 余 的 通 过 以 下 七 个 组 合 得 到:and(且
);or(或
 []

[1]
LaTeX Font Info:    Try loading font information for U+eus on input line 125.
 (d:/texlive/2016/texmf-dist/tex/latex/amsfonts/ueus.fd
File: ueus.fd 2013/01/14 v3.01 Euler Script
) [2] [3] [4]
Overfull \hbox (1.03256pt too wide) in paragraph at lines 235--236
[]\EU1/SimSun(0)/m/sl/12 接 下 里 的 问 题 是: 对 于 集 合$\OML/cmm/m/it/12 A$\EU1/SimSun(
0)/m/sl/12 ,$\OML/cmm/m/it/12 B$\EU1/SimSun(0)/m/sl/12 , 是 否 存 在 集 合 包 含 所 有 的$
\OT1/cmr/m/n/12 (\OML/cmm/m/it/12 a; b\OT1/cmr/m/n/12 )$\EU1/SimSun(0)/m/sl/12 
, 其 中$\OML/cmm/m/it/12 a \OMS/cmsy/m/n/12 2
 []

[5]
Overfull \hbox (11.18977pt too wide) in paragraph at lines 295--297
\EU1/SimSun(0)/m/sl/12 这 里 存 在 一 个 问 题, 我 们 考 虑 的 集 合 中, 可 能 出 现$\OML/cmm/m/it/
12 A \OMS/cmsy/m/n/12 2 \OML/cmm/m/it/12 X$\EU1/SimSun(0)/m/sl/12 这 个 情 形, 此 时$
\OML/cmm/m/it/12 f\OT1/cmr/m/n/12 (\OML/cmm/m/it/12 A\OT1/cmr/m/n/12 )$\EU1/Sim
Sun(0)/m/sl/12 的
 []

[6] [7]
Overfull \hbox (18.19197pt too wide) in paragraph at lines 379--380
[]\EU1/SimSun(0)/m/sl/12 习 题: 证 明$\OT1/cmr/m/n/12 ([][] []) \OMS/cmsy/m/n/12 ^^
B \OT1/cmr/m/n/12 ([][] []) = [][] []$\EU1/SimSun(0)/m/sl/12 , 对 交 也 是 成 立 的, 另
 外,$[][] [] \OMS/cmsy/m/n/12 ^^Z
 []


Overfull \hbox (10.87813pt too wide) in paragraph at lines 387--388
[]\EU1/SimSun(0)/m/sl/12 若 对 每 一 个$\OML/cmm/m/it/12 j$\EU1/SimSun(0)/m/sl/12 ,$
\OML/cmm/m/it/12 Y \OMS/cmsy/m/n/12 ^^Z \OML/cmm/m/it/12 X[]$\EU1/SimSun(0)/m/s
l/12 , 则$\OML/cmm/m/it/12 Y \OMS/cmsy/m/n/12 ^^Z [][] []$\EU1/SimSun(0)/m/sl/12
 , 这 意 味 着$[][] []$是 满 足 对 所 有 的$\OML/cmm/m/it/12 j$\EU1/SimSun(0)/m/sl/12 ,$\O
ML/cmm/m/it/12 Y \OMS/cmsy/m/n/12 ^^Z
 []

[8]
Overfull \hbox (5.21649pt too wide) in paragraph at lines 398--400
\EU1/SimSun(0)/m/sl/12 这 里$\OML/cmm/m/it/12 f[]\OT1/cmr/m/n/12 (\OML/cmm/m/it/1
2 B\OT1/cmr/m/n/12 )$\EU1/SimSun(0)/m/sl/12 称 为$\OML/cmm/m/it/12 B$\EU1/SimSun(
0)/m/sl/12 在$\OML/cmm/m/it/12 f$\EU1/SimSun(0)/m/sl/12 下 的 逆 像 (inverse image).
$\OML/cmm/m/it/12 f[]$\EU1/SimSun(0)/m/sl/12 还 有 另 一 个 含 义: 从$\OML/cmm/m/it/12 
f$\EU1/SimSun(0)/m/sl/12 的
 []


Overfull \hbox (25.39621pt too wide) in paragraph at lines 415--416
\EU1/SimSun(0)/m/sl/12 出$\OMS/cmsy/m/n/12 9\OML/cmm/m/it/12 x \OMS/cmsy/m/n/12 
2 [][] []$\EU1/SimSun(0)/m/sl/12 ,$\OML/cmm/m/it/12 f\OT1/cmr/m/n/12 (\OML/cmm/
m/it/12 x\OT1/cmr/m/n/12 ) = \OML/cmm/m/it/12 y$\EU1/SimSun(0)/m/sl/12 . 除 非 映 
射 是 一 一 的. 下 面 是 一 个 例 子:$\OML/cmm/m/it/12 A[] \OT1/cmr/m/n/12 = \OMS/cmsy/m/n/
12 f\OT1/cmr/m/n/12 1\OML/cmm/m/it/12 ; \OT1/cmr/m/n/12 2\OMS/cmsy/m/n/12 g$\EU
1/SimSun(0)/m/sl/12 ,$\OML/cmm/m/it/12 f\OT1/cmr/m/n/12 (1) =
 []

[9]
Overfull \hbox (45.21045pt too wide) in paragraph at lines 442--443
[]\EU1/SimSun(0)/m/sl/12 (8) 把 逆 映 射 和 复 合 映 射 联 系 起 来 的 等 式 特 别 重 要.$\OML/cmm/
m/it/12 f$\EU1/SimSun(0)/m/sl/12 是$\OML/cmm/m/it/12 X$\EU1/SimSun(0)/m/sl/12 到$
\OML/cmm/m/it/12 Y$\EU1/SimSun(0)/m/sl/12 的 映 射,$\OML/cmm/m/it/12 g$\EU1/SimSun
(0)/m/sl/12 是$\OML/cmm/m/it/12 Y$\EU1/SimSun(0)/m/sl/12 到$\OML/cmm/m/it/12 Z$\E
U1/SimSun(0)/m/sl/12 的
 []


Overfull \hbox (16.66733pt too wide) in paragraph at lines 442--443
\EU1/SimSun(0)/m/sl/12 映 射, 此 时,$\OML/cmm/m/it/12 f[]$\EU1/SimSun(0)/m/sl/12 是$
\OML/cmm/m/it/12 P\OT1/cmr/m/n/12 (\OML/cmm/m/it/12 Y\OT1/cmr/m/n/12 )$\EU1/Sim
Sun(0)/m/sl/12 到$\OML/cmm/m/it/12 P\OT1/cmr/m/n/12 (\OML/cmm/m/it/12 X\OT1/cmr/
m/n/12 )$\EU1/SimSun(0)/m/sl/12 的 映 射,$\OML/cmm/m/it/12 g[]$\EU1/SimSun(0)/m/sl
/12 映$\OML/cmm/m/it/12 P\OT1/cmr/m/n/12 (\OML/cmm/m/it/12 Z\OT1/cmr/m/n/12 )$\E
U1/SimSun(0)/m/sl/12 到$\OML/cmm/m/it/12 P\OT1/cmr/m/n/12 (\OML/cmm/m/it/12 Y\OT
1/cmr/m/n/12 )$\EU1/SimSun(0)/m/sl/12 , 此 时,$\OML/cmm/m/it/12 gf$\EU1/SimSun(0)
/m/sl/12 与$\OML/cmm/m/it/12 f[]g[]$\EU1/SimSun(0)/m/sl/12 都
 []

[10] [11] [12]
Overfull \hbox (15.20094pt too wide) in paragraph at lines 521--522
[]\EU1/SimSun(0)/m/sl/12 若$\OML/cmm/m/it/12 a$\EU1/SimSun(0)/m/sl/12 是$\OML/cmm
/m/it/12 X$\EU1/SimSun(0)/m/sl/12 中 的 元 素,$\OML/cmm/m/it/12 f$\EU1/SimSun(0)/m/
sl/12 是$\OML/cmm/m/it/12 X$\EU1/SimSun(0)/m/sl/12 到$\OML/cmm/m/it/12 X$\EU1/Sim
Sun(0)/m/sl/12 的
 []


Overfull \hbox (2.65494pt too wide) in paragraph at lines 521--522
\EU1/SimSun(0)/m/sl/12 映 射, 那 么 存 在 一 个$\OML/cmm/m/it/12 !$\EU1/SimSun(0)/m/sl/
12 到$\OML/cmm/m/it/12 X$\EU1/SimSun(0)/m/sl/12 的 映 射$\OML/cmm/m/it/12 u$\EU1/Si
mSun(0)/m/sl/12 , 使 得$\OML/cmm/m/it/12 u\OT1/cmr/m/n/12 (0) = \OML/cmm/m/it/12 
a$\EU1/SimSun(0)/m/sl/12 , 且 对 所 有$\OML/cmm/m/it/12 n \OMS/cmsy/m/n/12 2 \OML/c
mm/m/it/12 !$\EU1/SimSun(0)/m/sl/12 , 有$\OML/cmm/m/it/12 u\OT1/cmr/m/n/12 (\OML
/cmm/m/it/12 n[]\OT1/cmr/m/n/12 ) =
 []


Overfull \hbox (4.42612pt too wide) in paragraph at lines 538--539
[]\EU1/SimSun(0)/m/sl/12 (b) 设$\OML/cmm/m/it/12 n \OMS/cmsy/m/n/12 2 \OML/cmm/m
/it/12 S$\EU1/SimSun(0)/m/sl/12 , 欲 证$\OML/cmm/m/it/12 n[] \OMS/cmsy/m/n/12 2 \
OML/cmm/m/it/12 S$\EU1/SimSun(0)/m/sl/12 .$\OML/cmm/m/it/12 n \OMS/cmsy/m/n/12 
2 \OML/cmm/m/it/12 S$$\OMS/cmsy/m/n/12 )$$\OT1/cmr/m/n/12 (\OML/cmm/m/it/12 n; 
x\OT1/cmr/m/n/12 ) \OMS/cmsy/m/n/12 2 \OML/cmm/m/it/12 u$\EU1/SimSun(0)/m/sl/12
 ,$\OML/cmm/m/it/12 x$\EU1/SimSun(0)/m/sl/12 是 唯 一 的, 于 是$\OT1/cmr/m/n/12 (\OML
/cmm/m/it/12 n[]; f\OT1/cmr/m/n/12 (\OML/cmm/m/it/12 x\OT1/cmr/m/n/12 )) \OMS/c
msy/m/n/12 2
 []

[13] [14] [15]
Overfull \hbox (2.6251pt too wide) in paragraph at lines 655--656
[]\EU1/SimSun(0)/m/sl/12 假 设$\OML/cmm/m/it/12 f$\EU1/SimSun(0)/m/sl/12 是$\OML/c
mm/m/it/12 !$\EU1/SimSun(0)/m/sl/12 和$\OML/cmm/m/it/12 n$\EU1/SimSun(0)/m/sl/12
 之 间 一 一 对 应, 设$\OML/cmm/m/it/12 f\OT1/cmr/m/n/12 (0) = \OML/cmm/m/it/12 k$\EU1
/SimSun(0)/m/sl/12 , 则$\OML/cmm/m/it/12 k \OMS/cmsy/m/n/12 ^^T \OML/cmm/m/it/12
 n$\EU1/SimSun(0)/m/sl/12 , 我 们 构 造$\OML/cmm/m/it/12 ! \OMS/cmsy/m/n/12 ^^@ f\O
T1/cmr/m/n/12 0\OMS/cmsy/m/n/12 g$\EU1/SimSun(0)/m/sl/12 到$\OML/cmm/m/it/12 m$\
EU1/SimSun(0)/m/sl/12 之
 []

[16]
Overfull \hbox (25.46544pt too wide) in paragraph at lines 677--678
[]\EU1/SimSun(0)/m/sl/12 (3)$\OML/cmm/m/it/12 E$\EU1/SimSun(0)/m/sl/12 ,$\OML/c
mm/m/it/12 F$\EU1/SimSun(0)/m/sl/12 为 有 限 集, 则$\OML/cmm/m/it/12 E \OMS/cmsy/m/n
/12 ^^B \OML/cmm/m/it/12 F$\EU1/SimSun(0)/m/sl/12 与$\OML/cmm/m/it/12 E[]$\EU1/S
imSun(0)/m/sl/12 均 为 有 限 集, 且$[]\OT1/cmr/m/n/12 (\OML/cmm/m/it/12 E \OMS/cmsy/m
/n/12 ^^B \OML/cmm/m/it/12 F\OT1/cmr/m/n/12 ) \OMS/cmsy/m/n/12 ^^@ []\OT1/cmr/m
/n/12 (\OML/cmm/m/it/12 E\OT1/cmr/m/n/12 ) \OMS/cmsy/m/n/12 ^^A []\OT1/cmr/m/n/
12 (\OML/cmm/m/it/12 F\OT1/cmr/m/n/12 )$\EU1/SimSun(0)/m/sl/12 ,$[]\OT1/cmr/m/n
/12 (\OML/cmm/m/it/12 E[]\OT1/cmr/m/n/12 ) =
 []


Overfull \hbox (44.12817pt too wide) in paragraph at lines 679--680
[]\EU1/SimSun(0)/m/sl/12 习 题: 有 限 个 有 限 集 的 并 集 是 有 限 的, 若$\OML/cmm/m/it/12 E$\
EU1/SimSun(0)/m/sl/12 是 有 限 的, 则$\OML/cmm/m/it/12 P\OT1/cmr/m/n/12 (\OML/cmm/m/
it/12 E\OT1/cmr/m/n/12 )$\EU1/SimSun(0)/m/sl/12 是 有 限 的,$[]\OT1/cmr/m/n/12 (\OM
L/cmm/m/it/12 P\OT1/cmr/m/n/12 (\OML/cmm/m/it/12 E\OT1/cmr/m/n/12 )) =
 []


Overfull \hbox (3.12013pt too wide) in paragraph at lines 686--687
[]\EU1/SimSun(0)/m/sl/12 (1) 集 合$\OML/cmm/m/it/12 X$\EU1/SimSun(0)/m/sl/12 中 的 
关 系$\OML/cmm/m/it/12 R$\EU1/SimSun(0)/m/sl/12 称 为 是 反 对 称 的 (antisymmetric), 如 
果$\OML/cmm/m/it/12 xRy$\EU1/SimSun(0)/m/sl/12 ,$\OML/cmm/m/it/12 yRx$\EU1/SimSu
n(0)/m/sl/12 同
 []


Overfull \hbox (59.56776pt too wide) in paragraph at lines 706--707
[]\EU1/SimSun(0)/m/sl/12 (6)$\OML/cmm/m/it/12 X$\EU1/SimSun(0)/m/sl/12 为 偏 序 集,
 若 存 在$\OML/cmm/m/it/12 a \OMS/cmsy/m/n/12 2 \OML/cmm/m/it/12 X$\EU1/SimSun(0)/
m/sl/12 , 使 得$\OML/cmm/m/it/12 a \OMS/cmsy/m/n/12 ^^T \OML/cmm/m/it/12 x$\EU1/S
imSun(0)/m/sl/12 ,$\OMS/cmsy/m/n/12 8\OML/cmm/m/it/12 x \OMS/cmsy/m/n/12 2 \OML
/cmm/m/it/12 X$\EU1/SimSun(0)/m/sl/12 , 则 称$\OML/cmm/m/it/12 a$\EU1/SimSun(0)/m
/sl/12 为 least (first,smallest)
 []

[17] [18] [19]
Overfull \hbox (15.20656pt too wide) in paragraph at lines 762--763
[]\EU1/SimSun(0)/m/sl/12 (iv) 对 于 自 然 数$\OML/cmm/m/it/12 n$\EU1/SimSun(0)/m/sl/
12 ,$\OML/cmm/m/it/12 m$\EU1/SimSun(0)/m/sl/12 ,$\OML/cmm/m/it/12 n < m$\EU1/Si
mSun(0)/m/sl/12 , 则$\OML/cmm/m/it/12 v\OT1/cmr/m/n/12 (\OML/cmm/m/it/12 n\OT1/c
mr/m/n/12 ) \OMS/cmsy/m/n/12 6\OT1/cmr/m/n/12 = \OML/cmm/m/it/12 v\OT1/cmr/m/n/
12 (\OML/cmm/m/it/12 m\OT1/cmr/m/n/12 )$\EU1/SimSun(0)/m/sl/12 . 因 为 根 据 (ii) 和
 (iii),$\OML/cmm/m/it/12 v\OT1/cmr/m/n/12 (\OML/cmm/m/it/12 n\OT1/cmr/m/n/12 ) 
\OMS/cmsy/m/n/12 2
 []


Overfull \hbox (25.30678pt too wide) in paragraph at lines 766--767
\EU1/SimSun(0)/m/sl/12 此 时$\OML/cmm/m/it/12 h$\EU1/SimSun(0)/m/sl/12 是$\OML/cmm
/m/it/12 X$\EU1/SimSun(0)/m/sl/12 到$\OML/cmm/m/it/12 X$\EU1/SimSun(0)/m/sl/12 的
 一 一 映 射, 并 且$\OML/cmm/m/it/12 h$\EU1/SimSun(0)/m/sl/12 的 值 域 是$\OML/cmm/m/it/1
2 X$\EU1/SimSun(0)/m/sl/12 的 真 子 集 ($\OML/cmm/m/it/12 v\OT1/cmr/m/n/12 (0) [] [
][]$\EU1/SimSun(0)/m/sl/12 ).Dedekind
 []

[20] [21] [22]
Overfull \hbox (0.55515pt too wide) in paragraph at lines 866--867
[]\EU1/SimSun(0)/m/sl/12 称 良 序 集$\OML/cmm/m/it/12 A$\EU1/SimSun(0)/m/sl/12 为 良 
序 集$\OML/cmm/m/it/12 B$\EU1/SimSun(0)/m/sl/12 的 continuation, 如 果 满 足: (1)$\OML
/cmm/m/it/12 B$\EU1/SimSun(0)/m/sl/12 是$\OML/cmm/m/it/12 A$\EU1/SimSun(0)/m/sl/
12 的
 []


Overfull \hbox (44.79462pt too wide) in paragraph at lines 869--870
[]$\OML/cmm/m/it/12 X$\EU1/SimSun(0)/m/sl/12 为 良 序 集,$\OML/cmm/m/it/12 a; b \OM
S/cmsy/m/n/12 2 \OML/cmm/m/it/12 X$\EU1/SimSun(0)/m/sl/12 ,$\OML/cmm/m/it/12 b 
< a$\EU1/SimSun(0)/m/sl/12 , 则$\OML/cmm/m/it/12 s\OT1/cmr/m/n/12 (\OML/cmm/m/it
/12 a\OT1/cmr/m/n/12 )$\EU1/SimSun(0)/m/sl/12 是$\OML/cmm/m/it/12 s\OT1/cmr/m/n/
12 (\OML/cmm/m/it/12 b\OT1/cmr/m/n/12 )$\EU1/SimSun(0)/m/sl/12 的 continuation, 
自 然,$\OML/cmm/m/it/12 X$\EU1/SimSun(0)/m/sl/12 是$\OML/cmm/m/it/12 s\OT1/cmr/m/n
/12 (\OML/cmm/m/it/12 a\OT1/cmr/m/n/12 )$\EU1/SimSun(0)/m/sl/12 和$\OML/cmm/m/it
/12 s\OT1/cmr/m/n/12 (\OML/cmm/m/it/12 b\OT1/cmr/m/n/12 )$\EU1/SimSun(0)/m/sl/1
2 的
 []


Overfull \hbox (29.69472pt too wide) in paragraph at lines 873--874
\EU1/SimSun(0)/m/sl/12 tinuation. 若 一 簇 良 序 集 构 成 的 集 合$\U/eus/m/n/12 C$\EU1/Si
mSun(0)/m/sl/12 对 于 continuation 构 成 一 个 chain,$\OML/cmm/m/it/12 U$\EU1/SimSun(
0)/m/sl/12 是$\U/eus/m/n/12 C$\EU1/SimSun(0)/m/sl/12 中
 []

[23] [24] [25] (./NaiveSetTheory.aux)

LaTeX Font Warning: Some font shapes were not available, defaults substituted.

 ) 
Here is how much of TeX's memory you used:
 14556 strings out of 493591
 282073 string characters out of 6146794
 286777 words of memory out of 5000000
 17889 multiletter control sequences out of 15000+600000
 11620 words of font info for 63 fonts, out of 8000000 for 9000
 1347 hyphenation exceptions out of 8191
 48i,10n,61p,10376b,226s stack positions out of 5000i,500n,10000p,200000b,80000s

Output written on NaiveSetTheory.pdf (29 pages).
